'2020-05-15 16:54:00,190 werkzeug INFO  * Running on http://127.0.0.1:8040/ (Press CTRL+C to quit)
'2020-05-15 16:54:06,720 run INFO HEADERS: Accept-Encoding: gzip, deflate, br
Sec-Fetch-User: ?1
Cache-Control: max-age=0
Host: 127.0.0.1:8040
Accept-Language: en-GB,en-US;q=0.9,en;q=0.8
Sec-Fetch-Dest: document
Connection: keep-alive
Sec-Fetch-Mode: navigate
Accept: text/html,application/xhtml+xml,application/xml;q=0.9,image/webp,image/apng,*/*;q=0.8,application/signed-exchange;v=b3;q=0.9
Upgrade-Insecure-Requests: 1
User-Agent: Mozilla/5.0 (X11; Linux x86_64) AppleWebKit/537.36 (KHTML, like Gecko) Chrome/81.0.4044.113 Safari/537.36
Sec-Fetch-Site: none


'2020-05-15 16:54:06,721 run INFO REQ_path: /
'2020-05-15 16:54:06,721 run INFO ARGS: ImmutableMultiDict([('text', 'Mustan kissan paksut posket')])
'2020-05-15 16:54:06,721 run INFO DATA: b''
'2020-05-15 16:54:06,722 run INFO FORM: ImmutableMultiDict([])
'2020-05-15 16:54:06,807 werkzeug INFO 127.0.0.1 - - [15/May/2020 16:54:06] "GET /?text=Mustan%20kissan%20paksut%20posket HTTP/1.1" 200 -
'2020-05-15 16:55:14,843 werkzeug INFO  * Running on http://127.0.0.1:8040/ (Press CTRL+C to quit)
'2020-05-15 16:55:17,534 run INFO HEADERS: Accept-Encoding: gzip, deflate, br
Sec-Fetch-User: ?1
Upgrade-Insecure-Requests: 1
Sec-Fetch-Dest: document
Sec-Fetch-Site: none
Accept: text/html,application/xhtml+xml,application/xml;q=0.9,image/webp,image/apng,*/*;q=0.8,application/signed-exchange;v=b3;q=0.9
Connection: keep-alive
Sec-Fetch-Mode: navigate
Host: 127.0.0.1:8040
User-Agent: Mozilla/5.0 (X11; Linux x86_64) AppleWebKit/537.36 (KHTML, like Gecko) Chrome/81.0.4044.113 Safari/537.36
Cache-Control: max-age=0
Accept-Language: en-GB,en-US;q=0.9,en;q=0.8


'2020-05-15 16:55:17,535 run INFO REQ_path: /
'2020-05-15 16:55:17,536 run INFO ARGS: ImmutableMultiDict([('text', 'Mustan kissan paksut posket')])
'2020-05-15 16:55:17,536 run INFO DATA: b''
'2020-05-15 16:55:17,536 run INFO FORM: ImmutableMultiDict([])
'2020-05-15 16:55:17,599 werkzeug INFO 127.0.0.1 - - [15/May/2020 16:55:17] "GET /?text=Mustan%20kissan%20paksut%20posket HTTP/1.1" 200 -
'2020-05-15 16:55:24,767 run INFO HEADERS: Accept-Encoding: gzip, deflate, br
Sec-Fetch-User: ?1
Upgrade-Insecure-Requests: 1
Sec-Fetch-Dest: document
Sec-Fetch-Site: none
Accept: text/html,application/xhtml+xml,application/xml;q=0.9,image/webp,image/apng,*/*;q=0.8,application/signed-exchange;v=b3;q=0.9
Connection: keep-alive
Sec-Fetch-Mode: navigate
Host: 127.0.0.1:8040
User-Agent: Mozilla/5.0 (X11; Linux x86_64) AppleWebKit/537.36 (KHTML, like Gecko) Chrome/81.0.4044.113 Safari/537.36
Cache-Control: max-age=0
Accept-Language: en-GB,en-US;q=0.9,en;q=0.8


'2020-05-15 16:55:24,767 run INFO REQ_path: /
'2020-05-15 16:55:24,767 run INFO ARGS: ImmutableMultiDict([('text', 'Mustan kissan paksut posket')])
'2020-05-15 16:55:24,767 run INFO DATA: b''
'2020-05-15 16:55:24,767 run INFO FORM: ImmutableMultiDict([])
'2020-05-15 16:55:24,817 werkzeug INFO 127.0.0.1 - - [15/May/2020 16:55:24] "GET /?text=Mustan%20kissan%20paksut%20posket HTTP/1.1" 200 -
'2020-05-15 16:55:28,470 run INFO HEADERS: Accept-Encoding: gzip, deflate, br
Sec-Fetch-User: ?1
Upgrade-Insecure-Requests: 1
Sec-Fetch-Dest: document
Sec-Fetch-Site: none
Connection: keep-alive
Sec-Fetch-Mode: navigate
Host: 127.0.0.1:8040
User-Agent: Mozilla/5.0 (X11; Linux x86_64) AppleWebKit/537.36 (KHTML, like Gecko) Chrome/81.0.4044.113 Safari/537.36
Accept: text/html,application/xhtml+xml,application/xml;q=0.9,image/webp,image/apng,*/*;q=0.8,application/signed-exchange;v=b3;q=0.9
Accept-Language: en-GB,en-US;q=0.9,en;q=0.8


'2020-05-15 16:55:28,470 run INFO REQ_path: /
'2020-05-15 16:55:28,470 run INFO ARGS: ImmutableMultiDict([('text', 'Mustan kissan paksut posket.')])
'2020-05-15 16:55:28,470 run INFO DATA: b''
'2020-05-15 16:55:28,471 run INFO FORM: ImmutableMultiDict([])
'2020-05-15 16:55:28,540 werkzeug INFO 127.0.0.1 - - [15/May/2020 16:55:28] "GET /?text=Mustan%20kissan%20paksut%20posket. HTTP/1.1" 200 -
'2020-05-15 16:55:34,485 werkzeug INFO  * Running on http://127.0.0.1:8040/ (Press CTRL+C to quit)
'2020-05-15 16:55:50,333 run INFO HEADERS: Sec-Fetch-Dest: document
Host: 127.0.0.1:8040
Sec-Fetch-Mode: navigate
Sec-Fetch-Site: none
Upgrade-Insecure-Requests: 1
Accept-Encoding: gzip, deflate, br
User-Agent: Mozilla/5.0 (X11; Linux x86_64) AppleWebKit/537.36 (KHTML, like Gecko) Chrome/81.0.4044.113 Safari/537.36
Accept-Language: en-GB,en-US;q=0.9,en;q=0.8
Connection: keep-alive
Sec-Fetch-User: ?1
Accept: text/html,application/xhtml+xml,application/xml;q=0.9,image/webp,image/apng,*/*;q=0.8,application/signed-exchange;v=b3;q=0.9


'2020-05-15 16:55:50,334 run INFO REQ_path: /
'2020-05-15 16:55:50,335 run INFO ARGS: ImmutableMultiDict([('text', 'Mustan koiran paksut posket.')])
'2020-05-15 16:55:50,335 run INFO DATA: b''
'2020-05-15 16:55:50,336 run INFO FORM: ImmutableMultiDict([])
'2020-05-15 16:55:50,426 werkzeug INFO 127.0.0.1 - - [15/May/2020 16:55:50] "GET /?text=Mustan%20koiran%20paksut%20posket. HTTP/1.1" 200 -
'2020-05-15 16:56:42,860 werkzeug INFO  * Running on http://127.0.0.1:8040/ (Press CTRL+C to quit)
'2020-05-15 16:56:49,157 run INFO HEADERS: Accept-Language: en-GB,en-US;q=0.9,en;q=0.8
Sec-Fetch-Dest: document
Host: 127.0.0.1:8040
Sec-Fetch-Site: none
Accept: text/html,application/xhtml+xml,application/xml;q=0.9,image/webp,image/apng,*/*;q=0.8,application/signed-exchange;v=b3;q=0.9
Accept-Encoding: gzip, deflate, br
Upgrade-Insecure-Requests: 1
Connection: keep-alive
Sec-Fetch-Mode: navigate
User-Agent: Mozilla/5.0 (X11; Linux x86_64) AppleWebKit/537.36 (KHTML, like Gecko) Chrome/81.0.4044.113 Safari/537.36
Sec-Fetch-User: ?1


'2020-05-15 16:56:49,159 run INFO REQ_path: /
'2020-05-15 16:56:49,159 run INFO ARGS: ImmutableMultiDict([('text', 'Mustan koiran paksut posket olivat ruskeat.')])
'2020-05-15 16:56:49,160 run INFO DATA: b''
'2020-05-15 16:56:49,160 run INFO FORM: ImmutableMultiDict([])
'2020-05-15 16:56:49,250 run INFO {1: {1: [{'DEPS': '', 'UPOS': 'NOUN', 'MISC': 0, 'HEAD': 0, 'FORM': 'Mustan', 'XPOS': '', 'DEPREL': ['poss'], 'EDGE': 'Edge', 'ID': 1, 'LEMMA': 'musta', 'FEATS': {'VerbForm': '', 'Person': '', 'PronType': '', 'Mood': '', 'Case': 'Gen', 'Number': 'Sing', 'Derivation': '', 'Voice': '', 'AdpType': '', 'Tense': '', 'Degree': '', 'NumType': '', 'PartForm': ''}}, {'DEPS': '', 'UPOS': 'NOUN', 'MISC': 0, 'HEAD': 0, 'FORM': 'koiran', 'XPOS': '', 'DEPREL': ['poss'], 'EDGE': 'Edge', 'ID': 2, 'LEMMA': 'koira', 'FEATS': {'VerbForm': '', 'Person': '', 'PronType': '', 'Mood': '', 'Case': 'Gen', 'Number': 'Sing', 'Derivation': '', 'Voice': '', 'AdpType': '', 'Tense': '', 'Degree': '', 'NumType': '', 'PartForm': ''}}, {'DEPS': '', 'UPOS': 'ADJ', 'MISC': 0, 'HEAD': 0, 'FORM': 'paksut', 'XPOS': '', 'DEPREL': ['amod'], 'EDGE': 'Edge', 'ID': 3, 'LEMMA': 'paksu', 'FEATS': {'VerbForm': '', 'Person': '', 'PronType': '', 'Mood': '', 'Case': 'Nom', 'Number': 'Plur', 'Derivation': '', 'Voice': '', 'AdpType': '', 'Tense': '', 'Degree': '', 'NumType': '', 'PartForm': ''}}, {'DEPS': '', 'UPOS': 'NOUN', 'MISC': 0, 'HEAD': 0, 'FORM': 'posket', 'XPOS': '', 'DEPREL': ['nsubj-cop'], 'EDGE': 'Edge', 'ID': 4, 'LEMMA': 'poski', 'FEATS': {'VerbForm': '', 'Person': '', 'PronType': '', 'Mood': '', 'Case': 'Nom', 'Number': 'Plur', 'Derivation': '', 'Voice': '', 'AdpType': '', 'Tense': '', 'Degree': '', 'NumType': '', 'PartForm': ''}}, {'DEPS': '', 'UPOS': 'VERB', 'MISC': 0, 'HEAD': 0, 'FORM': 'olivat', 'XPOS': '', 'DEPREL': ['cop'], 'EDGE': 'Edge', 'ID': 5, 'LEMMA': 'olla', 'FEATS': {'VerbForm': '', 'Person': '', 'PronType': '', 'Mood': '', 'Case': 'Nom', 'Number': 'Plur', 'Derivation': '', 'Voice': 'ACT', 'AdpType': '', 'Tense': '', 'Degree': '', 'NumType': '', 'PartForm': ''}}, {'DEPS': '', 'UPOS': 'NOUN', 'MISC': 0, 'HEAD': 0, 'FORM': 'ruskeat', 'XPOS': '', 'DEPREL': ['ROOT'], 'EDGE': 'Edge', 'ID': 6, 'LEMMA': 'ruskea', 'FEATS': {'VerbForm': '', 'Person': '', 'PronType': '', 'Mood': '', 'Case': 'Nom', 'Number': 'Plur', 'Derivation': '', 'Voice': '', 'AdpType': '', 'Tense': '', 'Degree': '', 'NumType': '', 'PartForm': ''}}]}}
'2020-05-15 16:56:49,253 werkzeug INFO 127.0.0.1 - - [15/May/2020 16:56:49] "GET /?text=Mustan%20koiran%20paksut%20posket%20olivat%20ruskeat. HTTP/1.1" 200 -
'2020-05-15 16:57:41,869 werkzeug INFO  * Running on http://127.0.0.1:8040/ (Press CTRL+C to quit)
'2020-05-15 16:57:43,653 run INFO HEADERS: Sec-Fetch-User: ?1
User-Agent: Mozilla/5.0 (X11; Linux x86_64) AppleWebKit/537.36 (KHTML, like Gecko) Chrome/81.0.4044.113 Safari/537.36
Upgrade-Insecure-Requests: 1
Sec-Fetch-Mode: navigate
Sec-Fetch-Dest: document
Accept-Encoding: gzip, deflate, br
Accept: text/html,application/xhtml+xml,application/xml;q=0.9,image/webp,image/apng,*/*;q=0.8,application/signed-exchange;v=b3;q=0.9
Cache-Control: max-age=0
Sec-Fetch-Site: none
Accept-Language: en-GB,en-US;q=0.9,en;q=0.8
Connection: keep-alive
Host: 127.0.0.1:8040


'2020-05-15 16:57:43,653 run INFO REQ_path: /
'2020-05-15 16:57:43,654 run INFO ARGS: ImmutableMultiDict([('text', 'Mustan koiran paksut posket olivat ruskeat.')])
'2020-05-15 16:57:43,654 run INFO DATA: b''
'2020-05-15 16:57:43,654 run INFO FORM: ImmutableMultiDict([])
'2020-05-15 16:57:43,654 run DEBUG ----------------------PARSE DATA----------------------
'2020-05-15 16:57:43,654 run DEBUG ---------------------------------------------------
'2020-05-15 16:57:43,700 run INFO {1: {1: [{'FEATS': {'PronType': '', 'Number': 'Sing', 'Mood': '', 'Case': 'Gen', 'VerbForm': '', 'Person': '', 'Tense': '', 'Derivation': '', 'Degree': '', 'NumType': '', 'PartForm': '', 'Voice': '', 'AdpType': ''}, 'FORM': 'Mustan', 'LEMMA': 'musta', 'MISC': 0, 'ID': 1, 'UPOS': 'NOUN', 'DEPREL': ['poss'], 'XPOS': '', 'HEAD': 0, 'EDGE': 'Edge', 'DEPS': ''}, {'FEATS': {'PronType': '', 'Number': 'Sing', 'Mood': '', 'Case': 'Gen', 'VerbForm': '', 'Person': '', 'Tense': '', 'Derivation': '', 'Degree': '', 'NumType': '', 'PartForm': '', 'Voice': '', 'AdpType': ''}, 'FORM': 'koiran', 'LEMMA': 'koira', 'MISC': 0, 'ID': 2, 'UPOS': 'NOUN', 'DEPREL': ['poss'], 'XPOS': '', 'HEAD': 0, 'EDGE': 'Edge', 'DEPS': ''}, {'FEATS': {'PronType': '', 'Number': 'Plur', 'Mood': '', 'Case': 'Nom', 'VerbForm': '', 'Person': '', 'Tense': '', 'Derivation': '', 'Degree': '', 'NumType': '', 'PartForm': '', 'Voice': '', 'AdpType': ''}, 'FORM': 'paksut', 'LEMMA': 'paksu', 'MISC': 0, 'ID': 3, 'UPOS': 'ADJ', 'DEPREL': ['amod'], 'XPOS': '', 'HEAD': 0, 'EDGE': 'Edge', 'DEPS': ''}, {'FEATS': {'PronType': '', 'Number': 'Plur', 'Mood': '', 'Case': 'Nom', 'VerbForm': '', 'Person': '', 'Tense': '', 'Derivation': '', 'Degree': '', 'NumType': '', 'PartForm': '', 'Voice': '', 'AdpType': ''}, 'FORM': 'posket', 'LEMMA': 'poski', 'MISC': 0, 'ID': 4, 'UPOS': 'NOUN', 'DEPREL': ['nsubj-cop'], 'XPOS': '', 'HEAD': 0, 'EDGE': 'Edge', 'DEPS': ''}, {'FEATS': {'PronType': '', 'Number': 'Plur', 'Mood': '', 'Case': 'Nom', 'VerbForm': '', 'Person': '', 'Tense': '', 'Derivation': '', 'Degree': '', 'NumType': '', 'PartForm': '', 'Voice': 'ACT', 'AdpType': ''}, 'FORM': 'olivat', 'LEMMA': 'olla', 'MISC': 0, 'ID': 5, 'UPOS': 'VERB', 'DEPREL': ['cop'], 'XPOS': '', 'HEAD': 0, 'EDGE': 'Edge', 'DEPS': ''}, {'FEATS': {'PronType': '', 'Number': 'Plur', 'Mood': '', 'Case': 'Nom', 'VerbForm': '', 'Person': '', 'Tense': '', 'Derivation': '', 'Degree': '', 'NumType': '', 'PartForm': '', 'Voice': '', 'AdpType': ''}, 'FORM': 'ruskeat', 'LEMMA': 'ruskea', 'MISC': 0, 'ID': 6, 'UPOS': 'NOUN', 'DEPREL': ['ROOT'], 'XPOS': '', 'HEAD': 0, 'EDGE': 'Edge', 'DEPS': ''}]}}
'2020-05-15 16:57:43,701 werkzeug INFO 127.0.0.1 - - [15/May/2020 16:57:43] "GET /?text=Mustan%20koiran%20paksut%20posket%20olivat%20ruskeat. HTTP/1.1" 200 -
'2020-06-11 08:42:21,982 werkzeug INFO  * Running on http://127.0.0.1:5000/ (Press CTRL+C to quit)
'2020-06-11 08:44:17,840 run INFO HEADERS: Accept-Language: fi,en-GB;q=0.7,en;q=0.3
Upgrade-Insecure-Requests: 1
Accept: text/html,application/xhtml+xml,application/xml;q=0.9,image/webp,*/*;q=0.8
Host: localhost:5000
Connection: keep-alive
User-Agent: Mozilla/5.0 (X11; Ubuntu; Linux x86_64; rv:76.0) Gecko/20100101 Firefox/76.0
Accept-Encoding: gzip, deflate


'2020-06-11 08:44:17,840 run INFO REQ_path: /
'2020-06-11 08:44:17,840 run INFO ARGS: ImmutableMultiDict([('text', 'sauli')])
'2020-06-11 08:44:17,840 run INFO DATA: b''
'2020-06-11 08:44:17,840 run INFO FORM: ImmutableMultiDict([])
'2020-06-11 08:44:17,971 run INFO {1: {1: [{'EDGE': 'Edge', 'ID': 1, 'DEPREL': '', 'MISC': 0, 'XPOS': '', 'FEATS': {'Case': '', 'Degree': '', 'PronType': '', 'Voice': '', 'Person': '', 'Derivation': '', 'PartForm': '', 'Tense': '', 'AdpType': '', 'Number': 'Plur', 'VerbForm': '', 'NumType': '', 'Mood': ''}, 'FORM': 'sauli', 'DEPS': '', 'LEMMA': 'sauli', 'UPOS': '', 'HEAD': 0}]}}
'2020-06-11 08:44:17,972 werkzeug INFO 127.0.0.1 - - [11/Jun/2020 08:44:17] "GET /?text=sauli HTTP/1.1" 200 -
'2020-06-11 08:44:27,562 run INFO HEADERS: Accept-Language: fi,en-GB;q=0.7,en;q=0.3
Upgrade-Insecure-Requests: 1
Accept: text/html,application/xhtml+xml,application/xml;q=0.9,image/webp,*/*;q=0.8
Host: localhost:5000
Connection: keep-alive
User-Agent: Mozilla/5.0 (X11; Ubuntu; Linux x86_64; rv:76.0) Gecko/20100101 Firefox/76.0
Accept-Encoding: gzip, deflate


'2020-06-11 08:44:27,562 run INFO REQ_path: /
'2020-06-11 08:44:27,562 run INFO ARGS: ImmutableMultiDict([('text', 'Sauli')])
'2020-06-11 08:44:27,563 run INFO DATA: b''
'2020-06-11 08:44:27,563 run INFO FORM: ImmutableMultiDict([])
'2020-06-11 08:44:27,611 run INFO {1: {1: [{'EDGE': 'Edge', 'ID': 1, 'DEPREL': '', 'MISC': 0, 'XPOS': '', 'FEATS': {'Case': '', 'Degree': '', 'PronType': '', 'Voice': '', 'Person': '', 'Derivation': '', 'PartForm': '', 'Tense': '', 'AdpType': '', 'Number': 'Plur', 'VerbForm': '', 'NumType': '', 'Mood': ''}, 'FORM': 'Sauli', 'DEPS': '', 'LEMMA': 'Sauli', 'UPOS': '', 'HEAD': 0}]}}
'2020-06-11 08:44:27,611 werkzeug INFO 127.0.0.1 - - [11/Jun/2020 08:44:27] "GET /?text=Sauli HTTP/1.1" 200 -
'2020-06-11 08:44:34,203 run INFO HEADERS: Accept-Language: fi,en-GB;q=0.7,en;q=0.3
Upgrade-Insecure-Requests: 1
Accept: text/html,application/xhtml+xml,application/xml;q=0.9,image/webp,*/*;q=0.8
Host: localhost:5000
Connection: keep-alive
User-Agent: Mozilla/5.0 (X11; Ubuntu; Linux x86_64; rv:76.0) Gecko/20100101 Firefox/76.0
Accept-Encoding: gzip, deflate


'2020-06-11 08:44:34,204 run INFO REQ_path: /
'2020-06-11 08:44:34,204 run INFO ARGS: ImmutableMultiDict([('text', 'Koira')])
'2020-06-11 08:44:34,204 run INFO DATA: b''
'2020-06-11 08:44:34,204 run INFO FORM: ImmutableMultiDict([])
'2020-06-11 08:44:34,263 run INFO {1: {1: [{'EDGE': 'Edge', 'ID': 1, 'DEPREL': ['ROOT'], 'MISC': 0, 'XPOS': '', 'FEATS': {'Case': 'Nom', 'Degree': '', 'PronType': '', 'Voice': '', 'Person': '', 'Derivation': '', 'PartForm': '', 'Tense': '', 'AdpType': '', 'Number': 'Sing', 'VerbForm': '', 'NumType': '', 'Mood': ''}, 'FORM': 'Koira', 'DEPS': '', 'LEMMA': 'koira', 'UPOS': 'NOUN', 'HEAD': 0}]}}
'2020-06-11 08:44:34,264 werkzeug INFO 127.0.0.1 - - [11/Jun/2020 08:44:34] "GET /?text=Koira HTTP/1.1" 200 -
'2020-06-11 08:44:45,374 run INFO HEADERS: Accept-Language: fi,en-GB;q=0.7,en;q=0.3
Upgrade-Insecure-Requests: 1
Accept: text/html,application/xhtml+xml,application/xml;q=0.9,image/webp,*/*;q=0.8
Host: localhost:5000
Connection: keep-alive
User-Agent: Mozilla/5.0 (X11; Ubuntu; Linux x86_64; rv:76.0) Gecko/20100101 Firefox/76.0
Accept-Encoding: gzip, deflate


'2020-06-11 08:44:45,374 run INFO REQ_path: /
'2020-06-11 08:44:45,374 run INFO ARGS: ImmutableMultiDict([('text', 'Sauli')])
'2020-06-11 08:44:45,374 run INFO DATA: b''
'2020-06-11 08:44:45,374 run INFO FORM: ImmutableMultiDict([])
'2020-06-11 08:44:45,414 run INFO {1: {1: [{'EDGE': 'Edge', 'ID': 1, 'DEPREL': '', 'MISC': 0, 'XPOS': '', 'FEATS': {'Case': '', 'Degree': '', 'PronType': '', 'Voice': '', 'Person': '', 'Derivation': '', 'PartForm': '', 'Tense': '', 'AdpType': '', 'Number': 'Plur', 'VerbForm': '', 'NumType': '', 'Mood': ''}, 'FORM': 'Sauli', 'DEPS': '', 'LEMMA': 'Sauli', 'UPOS': '', 'HEAD': 0}]}}
'2020-06-11 08:44:45,415 werkzeug INFO 127.0.0.1 - - [11/Jun/2020 08:44:45] "GET /?text=Sauli HTTP/1.1" 200 -
'2021-04-07 16:11:36,279 run INFO HEADERS: Content-Type: text/html
User-Agent: PostmanRuntime/7.26.8
Accept: */*
Postman-Token: 1822a77d-64ec-40f9-bd9a-1242e7a65d8f
Host: 127.0.0.1:5000
Accept-Encoding: gzip, deflate, br
Connection: keep-alive
Content-Length: 16094


'2021-04-07 16:11:36,281 run INFO REQ_path: /
'2021-04-07 16:11:36,281 run INFO ARGS: ImmutableMultiDict([('text', 'Kansanedustajalla oli oikeus vähentää tulo- ja varallisuusverolain (1240/88) 82 §:n 1 momentin 5 kohdassa tarkoitettuna tulonhankkimisvähennyksenä sanotun tehtävän hoidon avustamista varten palkkaamansa apulaisen palkka kuitenkin vain siltä osin kuin palkka lisättynä muilla kansanedustajan työstä aiheutuneilla kohtuullisen määräisillä kuluilla ylittää edustajanpalkkiosta annetun lain 1 §:n 2 momentissa tarkoitetun kulukorvauksen tulo- ja varallisuusverolain 52 §:n 2 momentin mukaan verovapaan osuuden määrän. Verovuosi_1989 Ennakkotieto. KHO:1989-B-567')])
'2021-04-07 16:11:36,281 run INFO DATA: b'<div class="document" prefix="sfcl: http://data.finlex.fi/schema/sfcl/ dcterms: http://purl.org/dc/terms/" resource="http://data.finlex.fi/ecli/kko/2019/85" typeof="sfcl:Judgment">\n  \n  \n  \n  \n  \n  \n  <h1>KKO:2019:85</h1>\n  \n  \n  \n  \n  \n  <div class="abstract">\n    <p>Riita-asiassa vastaajana olleelle kuntayhtym\xc3\xa4lle, jonka asiamieheksi oli ilmoitettu sen hallintojohtajana toiminut varatuomari, oli k\xc3\xa4r\xc3\xa4j\xc3\xa4oikeudesta l\xc3\xa4hetetty kansliassa etuk\xc3\xa4teen ilmoitettuna ajankohtana annettu tuomio. Tuomiossa oli maininta muutoksenhakuohjauksesta, mutta sellaista ohjausta ei ollut tuomiossa tai liitettyn\xc3\xa4 siihen. Kuntayhtym\xc3\xa4 ei ollut m\xc3\xa4\xc3\xa4r\xc3\xa4ajassa ilmoittanut tyytym\xc3\xa4tt\xc3\xb6myytt\xc3\xa4 tuomioon, mutta se oli valitusajan kuluessa hakenut hovioikeudelta menetetyn m\xc3\xa4\xc3\xa4r\xc3\xa4ajan palauttamista tyytym\xc3\xa4tt\xc3\xb6myyden ilmoittamiseksi.</p>\n    <p>Korkeimman oikeuden ratkaisusta ilmenevill\xc3\xa4 perusteilla katsottiin, ettei kuntayhtym\xc3\xa4 ollut esitt\xc3\xa4nyt eritt\xc3\xa4in painavia syit\xc3\xa4 m\xc3\xa4\xc3\xa4r\xc3\xa4ajan palauttamiseksi.</p>\n    <p><a data-label="OK 25 luku 3 \xc2\xa7" class="reference-to-legislation" property="sfcl:referenceToLegislation" resource="http://data.finlex.fi/eli/sd/1734/4/luku/25/pykala/3">OK 25 luku 3 \xc2\xa7</a>\n<a data-label="OK 25 luku 5 \xc2\xa7" class="reference-to-legislation" property="sfcl:referenceToLegislation" resource="http://data.finlex.fi/eli/sd/1734/4/luku/25/pykala/5">OK 25 luku 5 \xc2\xa7</a>\n<a data-label="OK 31 luku 17 \xc2\xa7" class="reference-to-legislation" property="sfcl:referenceToLegislation" resource="http://data.finlex.fi/eli/sd/1734/4/luku/31/pykala/17">OK 31 luku 17 \xc2\xa7</a></p>\n  </div>\n  <div class="table-of-contents">\n    <a href="#OT20190085_1">Asian k\xc3\xa4sittely alemmissa oikeuksissa</a>\n    <a href="#OT20190085_2">Muutoksenhaku Korkeimmassa oikeudessa</a>\n    <a href="#OT20190085_3">Korkeimman oikeuden ratkaisu</a>\n  </div>\n  <div class="content">\n    <div>\n      <h2 id="OT20190085_1">Asian k\xc3\xa4sittely alemmissa oikeuksissa</h2>\n      <div>\n        <h3>Alempien oikeuksien ratkaisut</h3>\n        <p>Kainuun k\xc3\xa4r\xc3\xa4j\xc3\xa4oikeuden tuomio 15.3.2018 nro 18/1394, menetetyn m\xc3\xa4\xc3\xa4r\xc3\xa4ajan palauttamista koskeva hakemus Rovaniemen hovioikeudessa ja hovioikeuden p\xc3\xa4\xc3\xa4t\xc3\xb6s 3.5.2018 nro 151 selostetaan tarpeellisilta osin Korkeimman oikeuden ratkaisussa.</p>\n        <p>Asian ovat ratkaisseet k\xc3\xa4r\xc3\xa4j\xc3\xa4oikeudessa k\xc3\xa4r\xc3\xa4j\xc3\xa4tuomari Mirja Sepp\xc3\xa4nen ja hovioikeudessa hovioikeuden j\xc3\xa4senet Auli V\xc3\xa4h\xc3\xa4t\xc3\xb6rm\xc3\xa4, Maarit Tukiainen ja Timo Lahdenper\xc3\xa4.</p>\n      </div>\n    </div>\n    <div>\n      <h2 id="OT20190085_2">Muutoksenhaku Korkeimmassa oikeudessa</h2>\n      <p>Yhti\xc3\xb6lle my\xc3\xb6nnettiin valituslupa. Valituksessaan yhti\xc3\xb6 vaati, ett\xc3\xa4 hovioikeuden p\xc3\xa4\xc3\xa4t\xc3\xb6s kumotaan ja asia j\xc3\xa4tet\xc3\xa4\xc3\xa4n k\xc3\xa4r\xc3\xa4j\xc3\xa4oikeuden tuomion varaan.</p>\n      <p>Kuntayhtym\xc3\xa4 vastasi valitukseen ja vaati sen hylk\xc3\xa4\xc3\xa4mist\xc3\xa4.</p>\n    </div>\n    <div>\n      <h2 id="OT20190085_3">Korkeimman oikeuden ratkaisu</h2>\n      <div>\n        <h3>Perustelut</h3>\n        <p>\n          \n        </p>\n        <p>1. Yhti\xc3\xb6 on 8.11.2017 vireille tulleessa kanteessaan vaatinut vahvistettavaksi, ett\xc3\xa4 sill\xc3\xa4 on taksi- ja muihin kuljetuskustannuksiin perustuva saatava kuntayhtym\xc3\xa4lt\xc3\xa4, sek\xc3\xa4 ett\xc3\xa4 kuntayhtym\xc3\xa4 velvoitetaan maksamaan yhti\xc3\xb6n saatavan mukainen p\xc3\xa4\xc3\xa4oma korkoineen.</p>\n        <p>2. Kuntayhtym\xc3\xa4 on 21.11.2017 vastannut kanteeseen vaatien sen hylk\xc3\xa4\xc3\xa4mist\xc3\xa4. Kuntayhtym\xc3\xa4 on ilmoittanut asiamiehekseen kuntayhtym\xc3\xa4n palveluksessa v\xc3\xa4liaikaisena hallintojohtajana toimineen varatuomarin.</p>\n        <p>3. K\xc3\xa4r\xc3\xa4j\xc3\xa4oikeus on 9.2.2018 laatinut asiassa yhteenvedon, jossa on ilmoitettu, ett\xc3\xa4 asiassa annetaan ratkaisu 15.3.2018, mik\xc3\xa4li kukaan asiaan osallisista ei vastusta asian k\xc3\xa4sittely\xc3\xa4 kirjallisessa menettelyss\xc3\xa4.</p>\n        <p>4. Asia on 15.3.2018 ratkaistu kirjallisessa menettelyss\xc3\xa4 yhti\xc3\xb6n kanteessa esitt\xc3\xa4mien vaatimusten mukaisesti. Tuomion kohdassa "MUUTOKSENHAKU" on ollut merkint\xc3\xa4 "Muutoksenhakuohjaus". Tuomiossa on siten ollut maininta muutoksenhakuohjauksesta, mutta ohjausta ei ole ollut tuomiossa eik\xc3\xa4 siihen liitettyn\xc3\xa4.</p>\n        <p>5. Kuntayhtym\xc3\xa4 ei ole ilmoittanut tyytym\xc3\xa4tt\xc3\xb6myytt\xc3\xa4 m\xc3\xa4\xc3\xa4r\xc3\xa4ajassa, viimeist\xc3\xa4\xc3\xa4n 22.3.2018, eik\xc3\xa4 valittanut k\xc3\xa4r\xc3\xa4j\xc3\xa4oikeuden tuomiosta, joten se on tullut lainvoimaiseksi. Kuntayhtym\xc3\xa4 on kuitenkin 4.4.2018 hovioikeuteen saapuneessa hakemuksessaan vaatinut, ett\xc3\xa4 sille palautetaan m\xc3\xa4\xc3\xa4r\xc3\xa4aika tyytym\xc3\xa4tt\xc3\xb6myyden ilmoittamista varten. Se on perustellut vaatimustaan sill\xc3\xa4, ett\xc3\xa4 sille ei ollut l\xc3\xa4hetetty muutoksenhakuohjeita k\xc3\xa4r\xc3\xa4j\xc3\xa4oikeuden tuomion liitteen\xc3\xa4 tai muutenkaan, eik\xc3\xa4 ohjeiden antaminen kuntayhtym\xc3\xa4lle ollut ollut ilmeisen tarpeetonta. Kuntayhtym\xc3\xa4n lakimies ei ollut asianajaja, joka s\xc3\xa4\xc3\xa4nn\xc3\xb6llisesti toimisi yleisiss\xc3\xa4 tuomioistuimissa, vaan hallintolakimies, jonka p\xc3\xa4\xc3\xa4asiallinen teht\xc3\xa4v\xc3\xa4 oli huolehtia kuntayhtym\xc3\xa4n sis\xc3\xa4isen hallinnon lainmukaisuudesta.</p>\n        <p>6. Hovioikeus on ratkaissut kuntayhtym\xc3\xa4n menetetyn m\xc3\xa4\xc3\xa4r\xc3\xa4ajan palauttamista koskevan hakemuksen kirjallisesti varaamatta yhti\xc3\xb6lle tilaisuutta lausua hakemuksesta. Hovioikeus on oikeuttanut kuntayhtym\xc3\xa4n puhevallan menett\xc3\xa4misen uhalla viimeist\xc3\xa4\xc3\xa4n nelj\xc3\xa4nten\xc3\xa4toista p\xc3\xa4iv\xc3\xa4n\xc3\xa4 hovioikeuden p\xc3\xa4\xc3\xa4t\xc3\xb6ksen antamisp\xc3\xa4iv\xc3\xa4st\xc3\xa4 ilmoittamaan tyytym\xc3\xa4tt\xc3\xb6myytt\xc3\xa4 k\xc3\xa4r\xc3\xa4j\xc3\xa4oikeuden tuomioon. Hovioikeus on perustellut p\xc3\xa4\xc3\xa4t\xc3\xb6st\xc3\xa4\xc3\xa4n sill\xc3\xa4, ett\xc3\xa4 kuntayhtym\xc3\xa4lle ei ollut ilmoitettu muutoksenhausta eik\xc3\xa4 siit\xc3\xa4, miten sen suhteen on menetelt\xc3\xa4v\xc3\xa4. Tyytym\xc3\xa4tt\xc3\xb6myyden ilmoittamatta j\xc3\xa4tt\xc3\xa4minen m\xc3\xa4\xc3\xa4r\xc3\xa4ajassa oli siten johtunut oikeudenk\xc3\xa4ymiskaaren 31 luvun 17 \xc2\xa7:ss\xc3\xa4 tarkoitetusta syyst\xc3\xa4, ja sen vuoksi hakemus m\xc3\xa4\xc3\xa4r\xc3\xa4ajan palauttamisesta on tullut hyv\xc3\xa4ksy\xc3\xa4. Muutoksenhakuohjeiden antamista ei muutoinkaan ole voinut pit\xc3\xa4\xc3\xa4 asiassa ilmeisen tarpeettomana.</p>\n        <p>7. Korkeimmassa oikeudessa kysymys on yhti\xc3\xb6n valituksen johdosta siit\xc3\xa4, onko kuntayhtym\xc3\xa4lle palautettava m\xc3\xa4\xc3\xa4r\xc3\xa4aika tyytym\xc3\xa4tt\xc3\xb6myyden ilmoittamista varten, kun sille ei ole ilmoitettu, saako k\xc3\xa4r\xc3\xa4j\xc3\xa4oikeuden tuomioon hakea muutosta ja mit\xc3\xa4 muutoksenhaussa on noudatettava.</p>\n        <p>\n          \n        </p>\n        <p>8. Oikeudenk\xc3\xa4ymiskaaren 31 luvun 17 \xc2\xa7:n mukaan sille, joka laillisen esteen vuoksi ei ole voinut m\xc3\xa4\xc3\xa4r\xc3\xa4ajassa ilmoittaa tyytym\xc3\xa4tt\xc3\xb6myytt\xc3\xa4\xc3\xa4n tahi hakea muutosta tai takaisinsaantia taikka ryhty\xc3\xa4 muuhun toimeen oikeudenk\xc3\xa4ynniss\xc3\xa4 taikka joka muutoin esitt\xc3\xa4\xc3\xa4 anomuksensa tueksi eritt\xc3\xa4in painavia syit\xc3\xa4, voidaan hakemuksesta palauttaa menetetty sellainen m\xc3\xa4\xc3\xa4r\xc3\xa4aika.</p>\n        <p>9. Oikeudenk\xc3\xa4ymiskaaren 25 luvun 1 \xc2\xa7:n mukaan muutosta k\xc3\xa4r\xc3\xa4j\xc3\xa4oikeuden ratkaisuun haetaan hovioikeudelta valittamalla. K\xc3\xa4r\xc3\xa4j\xc3\xa4oikeuden tuomioon on luvun 5 \xc2\xa7:n 1 momentin mukaisesti ilmoitettava tyytym\xc3\xa4tt\xc3\xb6myytt\xc3\xa4 puhevallan menett\xc3\xa4misen uhalla. Pyk\xc3\xa4l\xc3\xa4n 2 momentin mukaan tyytym\xc3\xa4tt\xc3\xb6myytt\xc3\xa4 on ilmoitettava viimeist\xc3\xa4\xc3\xa4n seitsem\xc3\xa4nten\xc3\xa4 p\xc3\xa4iv\xc3\xa4n\xc3\xa4 siit\xc3\xa4 p\xc3\xa4iv\xc3\xa4st\xc3\xa4, jona k\xc3\xa4r\xc3\xa4j\xc3\xa4oikeuden ratkaisu julistettiin tai annettiin.</p>\n        <p>10. Muutoksenhakua koskeva k\xc3\xa4r\xc3\xa4j\xc3\xa4oikeuden ohjeistus on kaksivaiheinen. Ensimm\xc3\xa4isess\xc3\xa4 vaiheessa asianosaiselle annetaan oikeudenk\xc3\xa4ymiskaaren 25 luvun 3 \xc2\xa7:n 1 momentissa tarkoitettu muutoksenhakuohjaus, jossa on ilmoitettava, saako ratkaisuun hakea muutosta ja mit\xc3\xa4 muutoksenhaussa on noudatettava. Kun tuomio annetaan, kuten t\xc3\xa4ss\xc3\xa4 tapauksessa, l\xc3\xa4hett\xc3\xa4m\xc3\xa4ll\xc3\xa4 se asianosaisille, muutoksenhakuohjauksen sis\xc3\xa4lt\xc3\xa4v\xc3\xa4t tiedot tulee toimittaa samassa yhteydess\xc3\xa4. Luvun 3 \xc2\xa7:n 2 momentissa ja 4 \xc2\xa7:ss\xc3\xa4 s\xc3\xa4\xc3\xa4detyiss\xc3\xa4 tilanteissa, joista ei nyt ole kysymys, asianosaiselle on annettava s\xc3\xa4\xc3\xa4detyn sis\xc3\xa4lt\xc3\xb6iset kirjalliset muutoksenhakuohjeet. Toisessa vaiheessa asianosaiselle pit\xc3\xa4\xc3\xa4 antaa luvun 11 \xc2\xa7:ss\xc3\xa4 tarkoitettu valitusosoitus sen j\xc3\xa4lkeen, kun tyytym\xc3\xa4tt\xc3\xb6myyden ilmoitus on tehty ja hyv\xc3\xa4ksytty (ks. KKO 2015:75, kohta 6).</p>\n        <p>11. Oikeudenk\xc3\xa4ymiskaaren 25 luvun 3 \xc2\xa7:n 1 momentissa tarkoitetun muutoksenhakuohjauksen osalta ei ole s\xc3\xa4\xc3\xa4detty tarpeellisuusharkintaan perustuvasta oikeudesta j\xc3\xa4tt\xc3\xa4\xc3\xa4 muutoksenhakuohjaus antamatta. Muutoksenhakuohjaus on s\xc3\xa4\xc3\xa4nn\xc3\xb6ksen mukaan aina annettava.</p>\n        <p>12. Vakiintuneessa oikeusk\xc3\xa4yt\xc3\xa4nn\xc3\xb6ss\xc3\xa4 asianosaiselle ei ole palautettu menetetty\xc3\xa4 m\xc3\xa4\xc3\xa4r\xc3\xa4aikaa, kun asianosaisen julkinen oikeusavustaja tai asianajaja on laiminly\xc3\xb6nyt hakea muutosta m\xc3\xa4\xc3\xa4r\xc3\xa4ajassa (KKO 1971 II 96, KKO 1978 II 1 ja KKO 1979 I 2-3).</p>\n        <p>13. M\xc3\xa4\xc3\xa4r\xc3\xa4ajan palauttamista valituksen perille ajamiseksi koskeneessa ratkaisussa KKO 2005:109 (kohdat 8 ja 9) on todettu, ett\xc3\xa4 lainoppineelta avustajalta voidaan edellytt\xc3\xa4\xc3\xa4, ett\xc3\xa4 h\xc3\xa4n on tietoinen muutoksenhakua ja valituskirjelm\xc3\xa4n t\xc3\xa4ydent\xc3\xa4mist\xc3\xa4 koskevista s\xc3\xa4\xc3\xa4nn\xc3\xb6ksist\xc3\xa4 ja ett\xc3\xa4 h\xc3\xa4n my\xc3\xb6s toimii niiden mukaisesti. Tuossa asiassa lainoppineelle avustajalle ei ollut toimitettu j\xc3\xa4ljenn\xc3\xb6st\xc3\xa4 k\xc3\xa4r\xc3\xa4j\xc3\xa4oikeuden tuomiosta ennen valitusajan p\xc3\xa4\xc3\xa4ttymist\xc3\xa4. Avustaja ei ollut t\xc3\xa4m\xc3\xa4n havaittuaan ryhtynyt laissa s\xc3\xa4\xc3\xa4dettyihin ensisijaisiin toimenpiteisiin eli pyyt\xc3\xa4nyt tilaisuutta t\xc3\xa4ydent\xc3\xa4\xc3\xa4 valitusta tai oikeudenk\xc3\xa4ymiskaaren 25 luvun 13 \xc2\xa7:ss\xc3\xa4 tarkoitettua uutta m\xc3\xa4\xc3\xa4r\xc3\xa4aikaa muutoksenhakua varten. Korkein oikeus totesi, ett\xc3\xa4 m\xc3\xa4\xc3\xa4r\xc3\xa4ajan palauttamisen edellytyksi\xc3\xa4 tulee arvioida t\xc3\xa4st\xc3\xa4 n\xc3\xa4k\xc3\xb6kulmasta, eik\xc3\xa4 sill\xc3\xa4 seikalla, ett\xc3\xa4 voimassa olevan lain mukaan j\xc3\xa4ljenn\xc3\xb6s k\xc3\xa4r\xc3\xa4j\xc3\xa4oikeuden tuomiosta on toimitettava muutoksenhakijalle kahden viikon kuluessa tuomion julistamisesta tai antamisesta, ole t\xc3\xa4ss\xc3\xa4 suhteessa merkityst\xc3\xa4.</p>\n        <p>14. Sen sijaan ratkaisussa KKO 1991:44 asianajotoimiston my\xc3\xb6h\xc3\xa4ss\xc3\xa4 tekem\xc3\xa4 valitus oli tullut tutkia hovioikeudessa. Raastuvanoikeus ei ollut asiassa antanut ohjeita siit\xc3\xa4, ett\xc3\xa4 v\xc3\xa4itep\xc3\xa4\xc3\xa4t\xc3\xb6kseen voitiin hakea muutosta erikseen. Kun oikeudenk\xc3\xa4ynti oli muilta osin jatkunut, virhe ei ollut ollut selv\xc3\xa4sti havaittavissa. Asianajotoimisto ei ollut oikeudenk\xc3\xa4ymiskaaren 25 luvun 11 \xc2\xa7:n 3 momentista ilmenev\xc3\xa4n periaatteen mukaan ohjeiden antamatta j\xc3\xa4tt\xc3\xa4misen vuoksi ollut velvollinen hakemaan erikseen muutosta v\xc3\xa4itep\xc3\xa4\xc3\xa4t\xc3\xb6kseen, eik\xc3\xa4 se ollut my\xc3\xb6sk\xc3\xa4\xc3\xa4n menett\xc3\xa4nyt oikeuttaan muutoksenhakuun.</p>\n        <p>\n          \n        </p>\n        <p>15. Kuntayhtym\xc3\xa4n asiamiehen\xc3\xa4 on k\xc3\xa4r\xc3\xa4j\xc3\xa4oikeudessa ollut sen palveluksessa hallintojohtajana toiminut varatuomari. K\xc3\xa4r\xc3\xa4j\xc3\xa4oikeus on toimittanut kuntayhtym\xc3\xa4lle ennen ratkaisun antamista yhteenvedon, jossa on ilmoitettu ratkaisun antamisp\xc3\xa4iv\xc3\xa4 15.3.2018. K\xc3\xa4r\xc3\xa4j\xc3\xa4oikeus on ratkaissut asian yhteenvedossa ilmoitettuna ajankohtana ja toimittanut ratkaisun asianosaisille. K\xc3\xa4r\xc3\xa4j\xc3\xa4oikeuden tuomiossa tai siihen liitettyn\xc3\xa4 ei ole ollut muutoksenhakuohjeita tai -ohjausta, vaan pelkk\xc3\xa4 maininta muutoksenhakuohjauksesta. Kuntayhtym\xc3\xa4 ei ole ilmoittanut ratkaisuun tyytym\xc3\xa4tt\xc3\xb6myytt\xc3\xa4 m\xc3\xa4\xc3\xa4r\xc3\xa4ajassa viimeist\xc3\xa4\xc3\xa4n 22.3.2018. Kuntayhtym\xc3\xa4n kertoman mukaan sen asiamies on kuitenkin 20.3.2018 l\xc3\xa4hett\xc3\xa4nyt kuntayhtym\xc3\xa4n hallituksen sihteerille s\xc3\xa4hk\xc3\xb6postin, jonka liitteen\xc3\xa4 on ollut k\xc3\xa4r\xc3\xa4j\xc3\xa4oikeuden tuomion esittelyteksti. Kuntayhtym\xc3\xa4n hallitus ratkaisee kuntayhtym\xc3\xa4n hallintos\xc3\xa4\xc3\xa4nn\xc3\xb6n 9 \xc2\xa7:n mukaan muutoksen hakemisen tuomioistuinten ja muiden viranomaisten p\xc3\xa4\xc3\xa4t\xc3\xb6ksiin.</p>\n        <p>16. Korkein oikeus toteaa, ett\xc3\xa4 k\xc3\xa4r\xc3\xa4j\xc3\xa4oikeudella on ollut oikeudenk\xc3\xa4ymiskaaren 25 luvun 3 \xc2\xa7:n 1 momentin mukaisesti velvollisuus antaa kuntayhtym\xc3\xa4lle s\xc3\xa4\xc3\xa4nn\xc3\xb6ksess\xc3\xa4 tarkoitettu muutoksenhakuohjaus. Muutoksenhakuohjauksessa on mainittava muun muassa, ett\xc3\xa4 valituspuhevallan s\xc3\xa4ilytt\xc3\xa4miseksi k\xc3\xa4r\xc3\xa4j\xc3\xa4oikeuden ratkaisuun on ilmoitettava tyytym\xc3\xa4tt\xc3\xb6myytt\xc3\xa4. K\xc3\xa4r\xc3\xa4j\xc3\xa4oikeus on n\xc3\xa4in ollen menetellyt t\xc3\xa4lt\xc3\xa4 osin virheellisesti.</p>\n        <p>17. Kuntayhtym\xc3\xa4n selvityksen perusteella sen asiamiest\xc3\xa4 ei ole perusteltua pit\xc3\xa4\xc3\xa4 oikeudenk\xc3\xa4yntiasioita ammatikseen hoitavana lakimiehen\xc3\xa4. Asiamies on kuitenkin ollut lainoppinut ja varatuomari.</p>\n        <p>18. Oikeudenk\xc3\xa4ymiskaaren 25 luvun 5 \xc2\xa7:n nojalla on selv\xc3\xa4\xc3\xa4, ett\xc3\xa4 k\xc3\xa4r\xc3\xa4j\xc3\xa4oikeuden tuomioon on ilmoitettava tyytym\xc3\xa4tt\xc3\xb6myytt\xc3\xa4 puhevallan menett\xc3\xa4misen uhalla seitsem\xc3\xa4nten\xc3\xa4 p\xc3\xa4iv\xc3\xa4n\xc3\xa4 k\xc3\xa4r\xc3\xa4j\xc3\xa4oikeuden ratkaisun antamisesta. Kun k\xc3\xa4r\xc3\xa4j\xc3\xa4oikeuden tuomiossa on lis\xc3\xa4ksi ollut merkint\xc3\xa4 muutoksenhakuohjauksesta, mutta muutoksenhakuohjaus on puuttunut, my\xc3\xb6s muutoksenhakuohjauksen puuttuminen on ollut selv\xc3\xa4sti havaittavissa. Kysymys ei ole ollut ennakkoratkaisussa KKO 1991:44 tarkoitetun kaltaisesta tilanteesta, jossa virhe ei ole ollut selv\xc3\xa4sti havaittavissa.</p>\n        <p>19. Ratkaisusta KKO 2005:109 ilmenev\xc3\xa4ll\xc3\xa4 tavalla lainoppineelta avustajalta voidaan edellytt\xc3\xa4\xc3\xa4 tietoisuutta valituskirjelm\xc3\xa4n t\xc3\xa4ydent\xc3\xa4mist\xc3\xa4 ja uuden m\xc3\xa4\xc3\xa4r\xc3\xa4ajan pyyt\xc3\xa4mist\xc3\xa4 koskevista oikeudenk\xc3\xa4ymiskaaren 25 luvun s\xc3\xa4\xc3\xa4nn\xc3\xb6ksist\xc3\xa4, jotka eiv\xc3\xa4t s\xc3\xa4\xc3\xa4nn\xc3\xb6llisesti tule sovellettaviksi muutoksenhaussa. My\xc3\xb6s t\xc3\xa4h\xc3\xa4n n\xc3\xa4hden avustajan voidaan edellytt\xc3\xa4\xc3\xa4 tuntevan s\xc3\xa4\xc3\xa4nn\xc3\xb6nmukaisessa muutoksenhaussa noudatettavaa tyytym\xc3\xa4tt\xc3\xb6myyden ilmoittamista koskevan muutoksenhaun peruss\xc3\xa4\xc3\xa4nn\xc3\xb6ksen.</p>\n        <p>20. Korkein oikeus toteaa, ett\xc3\xa4 edell\xc3\xa4 esitetyill\xc3\xa4 perusteilla on voitu edellytt\xc3\xa4\xc3\xa4, ett\xc3\xa4 kuntayhtym\xc3\xa4n asiamies on tietoinen tyytym\xc3\xa4tt\xc3\xb6myyden ilmoittamista koskevista oikeudenk\xc3\xa4ymiskaaren s\xc3\xa4\xc3\xa4nn\xc3\xb6ksist\xc3\xa4, tai ett\xc3\xa4 h\xc3\xa4n ainakin tiedustelee muutoksenhakuohjausta k\xc3\xa4r\xc3\xa4j\xc3\xa4oikeudelta tuomion saatuaan etenkin, kun muutoksenhakuohjauksesta on tuomiossa mainittu. Kuntayhtym\xc3\xa4n ilmoitus sen lakimiehen toiminnasta s\xc3\xa4hk\xc3\xb6postin 20.3.2018 l\xc3\xa4hett\xc3\xa4misess\xc3\xa4 osoittaa, ett\xc3\xa4 kuntayhtym\xc3\xa4ll\xc3\xa4 on my\xc3\xb6s ollut tosiasiallinen mahdollisuus toimia ennen tyytym\xc3\xa4tt\xc3\xb6myyden ilmoittamista koskevan m\xc3\xa4\xc3\xa4r\xc3\xa4ajan p\xc3\xa4\xc3\xa4ttymist\xc3\xa4 22.3.2018.</p>\n        <p>21. N\xc3\xa4iss\xc3\xa4 olosuhteissa Korkein oikeus katsoo, ettei k\xc3\xa4r\xc3\xa4j\xc3\xa4oikeuden virheelliselle menettelylle sen j\xc3\xa4tt\xc3\xa4ess\xc3\xa4 antamatta muutoksenhakuohjauksen voida antaa asiassa ratkaisevaa merkityst\xc3\xa4. Kuntayhtym\xc3\xa4n tyytym\xc3\xa4tt\xc3\xb6myyden ilmoittamatta j\xc3\xa4tt\xc3\xa4minen on ensisijaisesti johtunut sen lainoppineen asiamiehen laiminly\xc3\xb6nnist\xc3\xa4.</p>\n        <p>22. Kuntayhtym\xc3\xa4 on viel\xc3\xa4 vedonnut siihen, ett\xc3\xa4 sille on kohtuutonta, jos oikeudenk\xc3\xa4ymiskaaren 25 luvun 3 \xc2\xa7:\xc3\xa4\xc3\xa4 tulkitaan ja asia ratkaistaan kuntayhtym\xc3\xa4n kannan vastaisesti.</p>\n        <p>23. Muutoksenhakua koskeva s\xc3\xa4\xc3\xa4ntely on selv\xc3\xa4\xc3\xa4, ja kuntayhtym\xc3\xa4\xc3\xa4 on edustanut lainoppinut asiamies. Kuntayhtym\xc3\xa4 ei muutenkaan ole tuonut esille sellaisia kohtuuttomuutta osoittavia yksil\xc3\xb6ityj\xc3\xa4 seikkoja, joita voitaisiin pit\xc3\xa4\xc3\xa4 oikeudenk\xc3\xa4ymiskaaren 31 luvun 17 \xc2\xa7:ss\xc3\xa4 tarkoitettuina eritt\xc3\xa4in painavina syin\xc3\xa4 palauttaa menetetty m\xc3\xa4\xc3\xa4r\xc3\xa4aika.</p>\n        <p>\n          \n        </p>\n        <p>24. Edell\xc3\xa4 todetuilla perusteilla se seikka, ett\xc3\xa4 asianmukaista muutoksenhakuohjausta ei ole annettu kuntayhtym\xc3\xa4lle, ei ole asian olosuhteissa oikeudenk\xc3\xa4ymiskaaren 31 luvun 17 \xc2\xa7:ss\xc3\xa4 tarkoitettu eritt\xc3\xa4in painava syy palauttaa kuntayhtym\xc3\xa4lle m\xc3\xa4\xc3\xa4r\xc3\xa4aika tyytym\xc3\xa4tt\xc3\xb6myyden ilmoittamista varten. Hakemuksesta ei ilmene muitakaan perusteita, joiden nojalla m\xc3\xa4\xc3\xa4r\xc3\xa4aika voitaisiin palauttaa.</p>\n        <p>25. Yhti\xc3\xb6lle ei oikeudenk\xc3\xa4ymiskaaren 31 luvun 4 \xc2\xa7:n 2 momentin ja 18 \xc2\xa7:n 3 momentin vastaisesti ole varattu tilaisuutta tulla kuulluksi hovioikeudessa. Korkein oikeus katsoo, ett\xc3\xa4 yhti\xc3\xb6n muutoksenhaun johdosta mainittu kuulemisvirhe tulee oikaistuksi ilman, ett\xc3\xa4 asia on palautettava hovioikeuteen.</p>\n      </div>\n      <div>\n        <h3>P\xc3\xa4\xc3\xa4t\xc3\xb6slauselma</h3>\n        <p>Hovioikeuden p\xc3\xa4\xc3\xa4t\xc3\xb6s kumotaan. Kuntayhtym\xc3\xa4n hakemus menetetyn m\xc3\xa4\xc3\xa4r\xc3\xa4ajan palauttamiseksi tyytym\xc3\xa4tt\xc3\xb6myyden ilmoittamista varten hyl\xc3\xa4t\xc3\xa4\xc3\xa4n.</p>\n        <p>Asian ovat ratkaisseet oikeusneuvokset <span class="contributor" property="dcterms:contributor" resource="http://data.finlex.fi/person/8eaa72fe">Juha H\xc3\xa4yh\xc3\xa4</span>, <span class="contributor" property="dcterms:contributor" resource="http://data.finlex.fi/person/7b61038f">Pekka Koponen</span>, <span class="contributor" property="dcterms:contributor" resource="http://data.finlex.fi/person/c1ae31e5">Jarmo Littunen</span>, <span class="contributor" property="dcterms:contributor" resource="http://data.finlex.fi/person/60b91fbe">Tatu Lepp\xc3\xa4nen</span> ja <span class="contributor" property="dcterms:contributor" resource="http://data.finlex.fi/person/164c58af">Asko V\xc3\xa4limaa</span>. Esittelij\xc3\xa4 Saini Siitarinen.</p>\n      </div>\n    </div>\n  </div>\n</div>\n'
'2021-04-07 16:11:36,281 run INFO FORM: ImmutableMultiDict([])
'2021-04-07 16:11:36,281 run WARNING Bad type: text/html
'2021-04-07 16:11:36,282 flask.app ERROR Exception on / [POST]
Traceback (most recent call last):
  File "/usr/local/lib/python3.8/dist-packages/flask/app.py", line 2292, in wsgi_app
    response = self.full_dispatch_request()
  File "/usr/local/lib/python3.8/dist-packages/flask/app.py", line 1815, in full_dispatch_request
    rv = self.handle_user_exception(e)
  File "/usr/local/lib/python3.8/dist-packages/flask/app.py", line 1718, in handle_user_exception
    reraise(exc_type, exc_value, tb)
  File "/usr/local/lib/python3.8/dist-packages/flask/_compat.py", line 35, in reraise
    raise value
  File "/usr/local/lib/python3.8/dist-packages/flask/app.py", line 1813, in full_dispatch_request
    rv = self.dispatch_request()
  File "/usr/local/lib/python3.8/dist-packages/flask/app.py", line 1799, in dispatch_request
    return self.view_functions[rule.endpoint](**req.view_args)
  File "/u/32/tamperm1/unix/python workspace/las-wrapper/src/run.py", line 79, in index
    las.run()
  File "/u/32/tamperm1/unix/python workspace/las-wrapper/src/run_lexical_analysis_service.py", line 75, in run
    items = list(self.input_texts.items())
AttributeError: 'list' object has no attribute 'items'
'2021-04-07 16:12:44,700 run INFO HEADERS: Content-Type: text/html
User-Agent: PostmanRuntime/7.26.8
Accept: */*
Postman-Token: 0cbd3e03-4cf3-4d6c-8201-15db54627cc0
Host: 127.0.0.1:5000
Accept-Encoding: gzip, deflate, br
Connection: keep-alive
Content-Length: 16094


'2021-04-07 16:12:44,700 run INFO REQ_path: /
'2021-04-07 16:12:44,700 run INFO ARGS: ImmutableMultiDict([('text', 'Kansanedustajalla oli oikeus vähentää tulo- ja varallisuusverolain (1240/88) 82 §:n 1 momentin 5 kohdassa tarkoitettuna tulonhankkimisvähennyksenä sanotun tehtävän hoidon avustamista varten palkkaamansa apulaisen palkka kuitenkin vain siltä osin kuin palkka lisättynä muilla kansanedustajan työstä aiheutuneilla kohtuullisen määräisillä kuluilla ylittää edustajanpalkkiosta annetun lain 1 §:n 2 momentissa tarkoitetun kulukorvauksen tulo- ja varallisuusverolain 52 §:n 2 momentin mukaan verovapaan osuuden määrän. Verovuosi_1989 Ennakkotieto. KHO:1989-B-567')])
'2021-04-07 16:12:44,701 run INFO DATA: b'<div class="document" prefix="sfcl: http://data.finlex.fi/schema/sfcl/ dcterms: http://purl.org/dc/terms/" resource="http://data.finlex.fi/ecli/kko/2019/85" typeof="sfcl:Judgment">\n  \n  \n  \n  \n  \n  \n  <h1>KKO:2019:85</h1>\n  \n  \n  \n  \n  \n  <div class="abstract">\n    <p>Riita-asiassa vastaajana olleelle kuntayhtym\xc3\xa4lle, jonka asiamieheksi oli ilmoitettu sen hallintojohtajana toiminut varatuomari, oli k\xc3\xa4r\xc3\xa4j\xc3\xa4oikeudesta l\xc3\xa4hetetty kansliassa etuk\xc3\xa4teen ilmoitettuna ajankohtana annettu tuomio. Tuomiossa oli maininta muutoksenhakuohjauksesta, mutta sellaista ohjausta ei ollut tuomiossa tai liitettyn\xc3\xa4 siihen. Kuntayhtym\xc3\xa4 ei ollut m\xc3\xa4\xc3\xa4r\xc3\xa4ajassa ilmoittanut tyytym\xc3\xa4tt\xc3\xb6myytt\xc3\xa4 tuomioon, mutta se oli valitusajan kuluessa hakenut hovioikeudelta menetetyn m\xc3\xa4\xc3\xa4r\xc3\xa4ajan palauttamista tyytym\xc3\xa4tt\xc3\xb6myyden ilmoittamiseksi.</p>\n    <p>Korkeimman oikeuden ratkaisusta ilmenevill\xc3\xa4 perusteilla katsottiin, ettei kuntayhtym\xc3\xa4 ollut esitt\xc3\xa4nyt eritt\xc3\xa4in painavia syit\xc3\xa4 m\xc3\xa4\xc3\xa4r\xc3\xa4ajan palauttamiseksi.</p>\n    <p><a data-label="OK 25 luku 3 \xc2\xa7" class="reference-to-legislation" property="sfcl:referenceToLegislation" resource="http://data.finlex.fi/eli/sd/1734/4/luku/25/pykala/3">OK 25 luku 3 \xc2\xa7</a>\n<a data-label="OK 25 luku 5 \xc2\xa7" class="reference-to-legislation" property="sfcl:referenceToLegislation" resource="http://data.finlex.fi/eli/sd/1734/4/luku/25/pykala/5">OK 25 luku 5 \xc2\xa7</a>\n<a data-label="OK 31 luku 17 \xc2\xa7" class="reference-to-legislation" property="sfcl:referenceToLegislation" resource="http://data.finlex.fi/eli/sd/1734/4/luku/31/pykala/17">OK 31 luku 17 \xc2\xa7</a></p>\n  </div>\n  <div class="table-of-contents">\n    <a href="#OT20190085_1">Asian k\xc3\xa4sittely alemmissa oikeuksissa</a>\n    <a href="#OT20190085_2">Muutoksenhaku Korkeimmassa oikeudessa</a>\n    <a href="#OT20190085_3">Korkeimman oikeuden ratkaisu</a>\n  </div>\n  <div class="content">\n    <div>\n      <h2 id="OT20190085_1">Asian k\xc3\xa4sittely alemmissa oikeuksissa</h2>\n      <div>\n        <h3>Alempien oikeuksien ratkaisut</h3>\n        <p>Kainuun k\xc3\xa4r\xc3\xa4j\xc3\xa4oikeuden tuomio 15.3.2018 nro 18/1394, menetetyn m\xc3\xa4\xc3\xa4r\xc3\xa4ajan palauttamista koskeva hakemus Rovaniemen hovioikeudessa ja hovioikeuden p\xc3\xa4\xc3\xa4t\xc3\xb6s 3.5.2018 nro 151 selostetaan tarpeellisilta osin Korkeimman oikeuden ratkaisussa.</p>\n        <p>Asian ovat ratkaisseet k\xc3\xa4r\xc3\xa4j\xc3\xa4oikeudessa k\xc3\xa4r\xc3\xa4j\xc3\xa4tuomari Mirja Sepp\xc3\xa4nen ja hovioikeudessa hovioikeuden j\xc3\xa4senet Auli V\xc3\xa4h\xc3\xa4t\xc3\xb6rm\xc3\xa4, Maarit Tukiainen ja Timo Lahdenper\xc3\xa4.</p>\n      </div>\n    </div>\n    <div>\n      <h2 id="OT20190085_2">Muutoksenhaku Korkeimmassa oikeudessa</h2>\n      <p>Yhti\xc3\xb6lle my\xc3\xb6nnettiin valituslupa. Valituksessaan yhti\xc3\xb6 vaati, ett\xc3\xa4 hovioikeuden p\xc3\xa4\xc3\xa4t\xc3\xb6s kumotaan ja asia j\xc3\xa4tet\xc3\xa4\xc3\xa4n k\xc3\xa4r\xc3\xa4j\xc3\xa4oikeuden tuomion varaan.</p>\n      <p>Kuntayhtym\xc3\xa4 vastasi valitukseen ja vaati sen hylk\xc3\xa4\xc3\xa4mist\xc3\xa4.</p>\n    </div>\n    <div>\n      <h2 id="OT20190085_3">Korkeimman oikeuden ratkaisu</h2>\n      <div>\n        <h3>Perustelut</h3>\n        <p>\n          \n        </p>\n        <p>1. Yhti\xc3\xb6 on 8.11.2017 vireille tulleessa kanteessaan vaatinut vahvistettavaksi, ett\xc3\xa4 sill\xc3\xa4 on taksi- ja muihin kuljetuskustannuksiin perustuva saatava kuntayhtym\xc3\xa4lt\xc3\xa4, sek\xc3\xa4 ett\xc3\xa4 kuntayhtym\xc3\xa4 velvoitetaan maksamaan yhti\xc3\xb6n saatavan mukainen p\xc3\xa4\xc3\xa4oma korkoineen.</p>\n        <p>2. Kuntayhtym\xc3\xa4 on 21.11.2017 vastannut kanteeseen vaatien sen hylk\xc3\xa4\xc3\xa4mist\xc3\xa4. Kuntayhtym\xc3\xa4 on ilmoittanut asiamiehekseen kuntayhtym\xc3\xa4n palveluksessa v\xc3\xa4liaikaisena hallintojohtajana toimineen varatuomarin.</p>\n        <p>3. K\xc3\xa4r\xc3\xa4j\xc3\xa4oikeus on 9.2.2018 laatinut asiassa yhteenvedon, jossa on ilmoitettu, ett\xc3\xa4 asiassa annetaan ratkaisu 15.3.2018, mik\xc3\xa4li kukaan asiaan osallisista ei vastusta asian k\xc3\xa4sittely\xc3\xa4 kirjallisessa menettelyss\xc3\xa4.</p>\n        <p>4. Asia on 15.3.2018 ratkaistu kirjallisessa menettelyss\xc3\xa4 yhti\xc3\xb6n kanteessa esitt\xc3\xa4mien vaatimusten mukaisesti. Tuomion kohdassa "MUUTOKSENHAKU" on ollut merkint\xc3\xa4 "Muutoksenhakuohjaus". Tuomiossa on siten ollut maininta muutoksenhakuohjauksesta, mutta ohjausta ei ole ollut tuomiossa eik\xc3\xa4 siihen liitettyn\xc3\xa4.</p>\n        <p>5. Kuntayhtym\xc3\xa4 ei ole ilmoittanut tyytym\xc3\xa4tt\xc3\xb6myytt\xc3\xa4 m\xc3\xa4\xc3\xa4r\xc3\xa4ajassa, viimeist\xc3\xa4\xc3\xa4n 22.3.2018, eik\xc3\xa4 valittanut k\xc3\xa4r\xc3\xa4j\xc3\xa4oikeuden tuomiosta, joten se on tullut lainvoimaiseksi. Kuntayhtym\xc3\xa4 on kuitenkin 4.4.2018 hovioikeuteen saapuneessa hakemuksessaan vaatinut, ett\xc3\xa4 sille palautetaan m\xc3\xa4\xc3\xa4r\xc3\xa4aika tyytym\xc3\xa4tt\xc3\xb6myyden ilmoittamista varten. Se on perustellut vaatimustaan sill\xc3\xa4, ett\xc3\xa4 sille ei ollut l\xc3\xa4hetetty muutoksenhakuohjeita k\xc3\xa4r\xc3\xa4j\xc3\xa4oikeuden tuomion liitteen\xc3\xa4 tai muutenkaan, eik\xc3\xa4 ohjeiden antaminen kuntayhtym\xc3\xa4lle ollut ollut ilmeisen tarpeetonta. Kuntayhtym\xc3\xa4n lakimies ei ollut asianajaja, joka s\xc3\xa4\xc3\xa4nn\xc3\xb6llisesti toimisi yleisiss\xc3\xa4 tuomioistuimissa, vaan hallintolakimies, jonka p\xc3\xa4\xc3\xa4asiallinen teht\xc3\xa4v\xc3\xa4 oli huolehtia kuntayhtym\xc3\xa4n sis\xc3\xa4isen hallinnon lainmukaisuudesta.</p>\n        <p>6. Hovioikeus on ratkaissut kuntayhtym\xc3\xa4n menetetyn m\xc3\xa4\xc3\xa4r\xc3\xa4ajan palauttamista koskevan hakemuksen kirjallisesti varaamatta yhti\xc3\xb6lle tilaisuutta lausua hakemuksesta. Hovioikeus on oikeuttanut kuntayhtym\xc3\xa4n puhevallan menett\xc3\xa4misen uhalla viimeist\xc3\xa4\xc3\xa4n nelj\xc3\xa4nten\xc3\xa4toista p\xc3\xa4iv\xc3\xa4n\xc3\xa4 hovioikeuden p\xc3\xa4\xc3\xa4t\xc3\xb6ksen antamisp\xc3\xa4iv\xc3\xa4st\xc3\xa4 ilmoittamaan tyytym\xc3\xa4tt\xc3\xb6myytt\xc3\xa4 k\xc3\xa4r\xc3\xa4j\xc3\xa4oikeuden tuomioon. Hovioikeus on perustellut p\xc3\xa4\xc3\xa4t\xc3\xb6st\xc3\xa4\xc3\xa4n sill\xc3\xa4, ett\xc3\xa4 kuntayhtym\xc3\xa4lle ei ollut ilmoitettu muutoksenhausta eik\xc3\xa4 siit\xc3\xa4, miten sen suhteen on menetelt\xc3\xa4v\xc3\xa4. Tyytym\xc3\xa4tt\xc3\xb6myyden ilmoittamatta j\xc3\xa4tt\xc3\xa4minen m\xc3\xa4\xc3\xa4r\xc3\xa4ajassa oli siten johtunut oikeudenk\xc3\xa4ymiskaaren 31 luvun 17 \xc2\xa7:ss\xc3\xa4 tarkoitetusta syyst\xc3\xa4, ja sen vuoksi hakemus m\xc3\xa4\xc3\xa4r\xc3\xa4ajan palauttamisesta on tullut hyv\xc3\xa4ksy\xc3\xa4. Muutoksenhakuohjeiden antamista ei muutoinkaan ole voinut pit\xc3\xa4\xc3\xa4 asiassa ilmeisen tarpeettomana.</p>\n        <p>7. Korkeimmassa oikeudessa kysymys on yhti\xc3\xb6n valituksen johdosta siit\xc3\xa4, onko kuntayhtym\xc3\xa4lle palautettava m\xc3\xa4\xc3\xa4r\xc3\xa4aika tyytym\xc3\xa4tt\xc3\xb6myyden ilmoittamista varten, kun sille ei ole ilmoitettu, saako k\xc3\xa4r\xc3\xa4j\xc3\xa4oikeuden tuomioon hakea muutosta ja mit\xc3\xa4 muutoksenhaussa on noudatettava.</p>\n        <p>\n          \n        </p>\n        <p>8. Oikeudenk\xc3\xa4ymiskaaren 31 luvun 17 \xc2\xa7:n mukaan sille, joka laillisen esteen vuoksi ei ole voinut m\xc3\xa4\xc3\xa4r\xc3\xa4ajassa ilmoittaa tyytym\xc3\xa4tt\xc3\xb6myytt\xc3\xa4\xc3\xa4n tahi hakea muutosta tai takaisinsaantia taikka ryhty\xc3\xa4 muuhun toimeen oikeudenk\xc3\xa4ynniss\xc3\xa4 taikka joka muutoin esitt\xc3\xa4\xc3\xa4 anomuksensa tueksi eritt\xc3\xa4in painavia syit\xc3\xa4, voidaan hakemuksesta palauttaa menetetty sellainen m\xc3\xa4\xc3\xa4r\xc3\xa4aika.</p>\n        <p>9. Oikeudenk\xc3\xa4ymiskaaren 25 luvun 1 \xc2\xa7:n mukaan muutosta k\xc3\xa4r\xc3\xa4j\xc3\xa4oikeuden ratkaisuun haetaan hovioikeudelta valittamalla. K\xc3\xa4r\xc3\xa4j\xc3\xa4oikeuden tuomioon on luvun 5 \xc2\xa7:n 1 momentin mukaisesti ilmoitettava tyytym\xc3\xa4tt\xc3\xb6myytt\xc3\xa4 puhevallan menett\xc3\xa4misen uhalla. Pyk\xc3\xa4l\xc3\xa4n 2 momentin mukaan tyytym\xc3\xa4tt\xc3\xb6myytt\xc3\xa4 on ilmoitettava viimeist\xc3\xa4\xc3\xa4n seitsem\xc3\xa4nten\xc3\xa4 p\xc3\xa4iv\xc3\xa4n\xc3\xa4 siit\xc3\xa4 p\xc3\xa4iv\xc3\xa4st\xc3\xa4, jona k\xc3\xa4r\xc3\xa4j\xc3\xa4oikeuden ratkaisu julistettiin tai annettiin.</p>\n        <p>10. Muutoksenhakua koskeva k\xc3\xa4r\xc3\xa4j\xc3\xa4oikeuden ohjeistus on kaksivaiheinen. Ensimm\xc3\xa4isess\xc3\xa4 vaiheessa asianosaiselle annetaan oikeudenk\xc3\xa4ymiskaaren 25 luvun 3 \xc2\xa7:n 1 momentissa tarkoitettu muutoksenhakuohjaus, jossa on ilmoitettava, saako ratkaisuun hakea muutosta ja mit\xc3\xa4 muutoksenhaussa on noudatettava. Kun tuomio annetaan, kuten t\xc3\xa4ss\xc3\xa4 tapauksessa, l\xc3\xa4hett\xc3\xa4m\xc3\xa4ll\xc3\xa4 se asianosaisille, muutoksenhakuohjauksen sis\xc3\xa4lt\xc3\xa4v\xc3\xa4t tiedot tulee toimittaa samassa yhteydess\xc3\xa4. Luvun 3 \xc2\xa7:n 2 momentissa ja 4 \xc2\xa7:ss\xc3\xa4 s\xc3\xa4\xc3\xa4detyiss\xc3\xa4 tilanteissa, joista ei nyt ole kysymys, asianosaiselle on annettava s\xc3\xa4\xc3\xa4detyn sis\xc3\xa4lt\xc3\xb6iset kirjalliset muutoksenhakuohjeet. Toisessa vaiheessa asianosaiselle pit\xc3\xa4\xc3\xa4 antaa luvun 11 \xc2\xa7:ss\xc3\xa4 tarkoitettu valitusosoitus sen j\xc3\xa4lkeen, kun tyytym\xc3\xa4tt\xc3\xb6myyden ilmoitus on tehty ja hyv\xc3\xa4ksytty (ks. KKO 2015:75, kohta 6).</p>\n        <p>11. Oikeudenk\xc3\xa4ymiskaaren 25 luvun 3 \xc2\xa7:n 1 momentissa tarkoitetun muutoksenhakuohjauksen osalta ei ole s\xc3\xa4\xc3\xa4detty tarpeellisuusharkintaan perustuvasta oikeudesta j\xc3\xa4tt\xc3\xa4\xc3\xa4 muutoksenhakuohjaus antamatta. Muutoksenhakuohjaus on s\xc3\xa4\xc3\xa4nn\xc3\xb6ksen mukaan aina annettava.</p>\n        <p>12. Vakiintuneessa oikeusk\xc3\xa4yt\xc3\xa4nn\xc3\xb6ss\xc3\xa4 asianosaiselle ei ole palautettu menetetty\xc3\xa4 m\xc3\xa4\xc3\xa4r\xc3\xa4aikaa, kun asianosaisen julkinen oikeusavustaja tai asianajaja on laiminly\xc3\xb6nyt hakea muutosta m\xc3\xa4\xc3\xa4r\xc3\xa4ajassa (KKO 1971 II 96, KKO 1978 II 1 ja KKO 1979 I 2-3).</p>\n        <p>13. M\xc3\xa4\xc3\xa4r\xc3\xa4ajan palauttamista valituksen perille ajamiseksi koskeneessa ratkaisussa KKO 2005:109 (kohdat 8 ja 9) on todettu, ett\xc3\xa4 lainoppineelta avustajalta voidaan edellytt\xc3\xa4\xc3\xa4, ett\xc3\xa4 h\xc3\xa4n on tietoinen muutoksenhakua ja valituskirjelm\xc3\xa4n t\xc3\xa4ydent\xc3\xa4mist\xc3\xa4 koskevista s\xc3\xa4\xc3\xa4nn\xc3\xb6ksist\xc3\xa4 ja ett\xc3\xa4 h\xc3\xa4n my\xc3\xb6s toimii niiden mukaisesti. Tuossa asiassa lainoppineelle avustajalle ei ollut toimitettu j\xc3\xa4ljenn\xc3\xb6st\xc3\xa4 k\xc3\xa4r\xc3\xa4j\xc3\xa4oikeuden tuomiosta ennen valitusajan p\xc3\xa4\xc3\xa4ttymist\xc3\xa4. Avustaja ei ollut t\xc3\xa4m\xc3\xa4n havaittuaan ryhtynyt laissa s\xc3\xa4\xc3\xa4dettyihin ensisijaisiin toimenpiteisiin eli pyyt\xc3\xa4nyt tilaisuutta t\xc3\xa4ydent\xc3\xa4\xc3\xa4 valitusta tai oikeudenk\xc3\xa4ymiskaaren 25 luvun 13 \xc2\xa7:ss\xc3\xa4 tarkoitettua uutta m\xc3\xa4\xc3\xa4r\xc3\xa4aikaa muutoksenhakua varten. Korkein oikeus totesi, ett\xc3\xa4 m\xc3\xa4\xc3\xa4r\xc3\xa4ajan palauttamisen edellytyksi\xc3\xa4 tulee arvioida t\xc3\xa4st\xc3\xa4 n\xc3\xa4k\xc3\xb6kulmasta, eik\xc3\xa4 sill\xc3\xa4 seikalla, ett\xc3\xa4 voimassa olevan lain mukaan j\xc3\xa4ljenn\xc3\xb6s k\xc3\xa4r\xc3\xa4j\xc3\xa4oikeuden tuomiosta on toimitettava muutoksenhakijalle kahden viikon kuluessa tuomion julistamisesta tai antamisesta, ole t\xc3\xa4ss\xc3\xa4 suhteessa merkityst\xc3\xa4.</p>\n        <p>14. Sen sijaan ratkaisussa KKO 1991:44 asianajotoimiston my\xc3\xb6h\xc3\xa4ss\xc3\xa4 tekem\xc3\xa4 valitus oli tullut tutkia hovioikeudessa. Raastuvanoikeus ei ollut asiassa antanut ohjeita siit\xc3\xa4, ett\xc3\xa4 v\xc3\xa4itep\xc3\xa4\xc3\xa4t\xc3\xb6kseen voitiin hakea muutosta erikseen. Kun oikeudenk\xc3\xa4ynti oli muilta osin jatkunut, virhe ei ollut ollut selv\xc3\xa4sti havaittavissa. Asianajotoimisto ei ollut oikeudenk\xc3\xa4ymiskaaren 25 luvun 11 \xc2\xa7:n 3 momentista ilmenev\xc3\xa4n periaatteen mukaan ohjeiden antamatta j\xc3\xa4tt\xc3\xa4misen vuoksi ollut velvollinen hakemaan erikseen muutosta v\xc3\xa4itep\xc3\xa4\xc3\xa4t\xc3\xb6kseen, eik\xc3\xa4 se ollut my\xc3\xb6sk\xc3\xa4\xc3\xa4n menett\xc3\xa4nyt oikeuttaan muutoksenhakuun.</p>\n        <p>\n          \n        </p>\n        <p>15. Kuntayhtym\xc3\xa4n asiamiehen\xc3\xa4 on k\xc3\xa4r\xc3\xa4j\xc3\xa4oikeudessa ollut sen palveluksessa hallintojohtajana toiminut varatuomari. K\xc3\xa4r\xc3\xa4j\xc3\xa4oikeus on toimittanut kuntayhtym\xc3\xa4lle ennen ratkaisun antamista yhteenvedon, jossa on ilmoitettu ratkaisun antamisp\xc3\xa4iv\xc3\xa4 15.3.2018. K\xc3\xa4r\xc3\xa4j\xc3\xa4oikeus on ratkaissut asian yhteenvedossa ilmoitettuna ajankohtana ja toimittanut ratkaisun asianosaisille. K\xc3\xa4r\xc3\xa4j\xc3\xa4oikeuden tuomiossa tai siihen liitettyn\xc3\xa4 ei ole ollut muutoksenhakuohjeita tai -ohjausta, vaan pelkk\xc3\xa4 maininta muutoksenhakuohjauksesta. Kuntayhtym\xc3\xa4 ei ole ilmoittanut ratkaisuun tyytym\xc3\xa4tt\xc3\xb6myytt\xc3\xa4 m\xc3\xa4\xc3\xa4r\xc3\xa4ajassa viimeist\xc3\xa4\xc3\xa4n 22.3.2018. Kuntayhtym\xc3\xa4n kertoman mukaan sen asiamies on kuitenkin 20.3.2018 l\xc3\xa4hett\xc3\xa4nyt kuntayhtym\xc3\xa4n hallituksen sihteerille s\xc3\xa4hk\xc3\xb6postin, jonka liitteen\xc3\xa4 on ollut k\xc3\xa4r\xc3\xa4j\xc3\xa4oikeuden tuomion esittelyteksti. Kuntayhtym\xc3\xa4n hallitus ratkaisee kuntayhtym\xc3\xa4n hallintos\xc3\xa4\xc3\xa4nn\xc3\xb6n 9 \xc2\xa7:n mukaan muutoksen hakemisen tuomioistuinten ja muiden viranomaisten p\xc3\xa4\xc3\xa4t\xc3\xb6ksiin.</p>\n        <p>16. Korkein oikeus toteaa, ett\xc3\xa4 k\xc3\xa4r\xc3\xa4j\xc3\xa4oikeudella on ollut oikeudenk\xc3\xa4ymiskaaren 25 luvun 3 \xc2\xa7:n 1 momentin mukaisesti velvollisuus antaa kuntayhtym\xc3\xa4lle s\xc3\xa4\xc3\xa4nn\xc3\xb6ksess\xc3\xa4 tarkoitettu muutoksenhakuohjaus. Muutoksenhakuohjauksessa on mainittava muun muassa, ett\xc3\xa4 valituspuhevallan s\xc3\xa4ilytt\xc3\xa4miseksi k\xc3\xa4r\xc3\xa4j\xc3\xa4oikeuden ratkaisuun on ilmoitettava tyytym\xc3\xa4tt\xc3\xb6myytt\xc3\xa4. K\xc3\xa4r\xc3\xa4j\xc3\xa4oikeus on n\xc3\xa4in ollen menetellyt t\xc3\xa4lt\xc3\xa4 osin virheellisesti.</p>\n        <p>17. Kuntayhtym\xc3\xa4n selvityksen perusteella sen asiamiest\xc3\xa4 ei ole perusteltua pit\xc3\xa4\xc3\xa4 oikeudenk\xc3\xa4yntiasioita ammatikseen hoitavana lakimiehen\xc3\xa4. Asiamies on kuitenkin ollut lainoppinut ja varatuomari.</p>\n        <p>18. Oikeudenk\xc3\xa4ymiskaaren 25 luvun 5 \xc2\xa7:n nojalla on selv\xc3\xa4\xc3\xa4, ett\xc3\xa4 k\xc3\xa4r\xc3\xa4j\xc3\xa4oikeuden tuomioon on ilmoitettava tyytym\xc3\xa4tt\xc3\xb6myytt\xc3\xa4 puhevallan menett\xc3\xa4misen uhalla seitsem\xc3\xa4nten\xc3\xa4 p\xc3\xa4iv\xc3\xa4n\xc3\xa4 k\xc3\xa4r\xc3\xa4j\xc3\xa4oikeuden ratkaisun antamisesta. Kun k\xc3\xa4r\xc3\xa4j\xc3\xa4oikeuden tuomiossa on lis\xc3\xa4ksi ollut merkint\xc3\xa4 muutoksenhakuohjauksesta, mutta muutoksenhakuohjaus on puuttunut, my\xc3\xb6s muutoksenhakuohjauksen puuttuminen on ollut selv\xc3\xa4sti havaittavissa. Kysymys ei ole ollut ennakkoratkaisussa KKO 1991:44 tarkoitetun kaltaisesta tilanteesta, jossa virhe ei ole ollut selv\xc3\xa4sti havaittavissa.</p>\n        <p>19. Ratkaisusta KKO 2005:109 ilmenev\xc3\xa4ll\xc3\xa4 tavalla lainoppineelta avustajalta voidaan edellytt\xc3\xa4\xc3\xa4 tietoisuutta valituskirjelm\xc3\xa4n t\xc3\xa4ydent\xc3\xa4mist\xc3\xa4 ja uuden m\xc3\xa4\xc3\xa4r\xc3\xa4ajan pyyt\xc3\xa4mist\xc3\xa4 koskevista oikeudenk\xc3\xa4ymiskaaren 25 luvun s\xc3\xa4\xc3\xa4nn\xc3\xb6ksist\xc3\xa4, jotka eiv\xc3\xa4t s\xc3\xa4\xc3\xa4nn\xc3\xb6llisesti tule sovellettaviksi muutoksenhaussa. My\xc3\xb6s t\xc3\xa4h\xc3\xa4n n\xc3\xa4hden avustajan voidaan edellytt\xc3\xa4\xc3\xa4 tuntevan s\xc3\xa4\xc3\xa4nn\xc3\xb6nmukaisessa muutoksenhaussa noudatettavaa tyytym\xc3\xa4tt\xc3\xb6myyden ilmoittamista koskevan muutoksenhaun peruss\xc3\xa4\xc3\xa4nn\xc3\xb6ksen.</p>\n        <p>20. Korkein oikeus toteaa, ett\xc3\xa4 edell\xc3\xa4 esitetyill\xc3\xa4 perusteilla on voitu edellytt\xc3\xa4\xc3\xa4, ett\xc3\xa4 kuntayhtym\xc3\xa4n asiamies on tietoinen tyytym\xc3\xa4tt\xc3\xb6myyden ilmoittamista koskevista oikeudenk\xc3\xa4ymiskaaren s\xc3\xa4\xc3\xa4nn\xc3\xb6ksist\xc3\xa4, tai ett\xc3\xa4 h\xc3\xa4n ainakin tiedustelee muutoksenhakuohjausta k\xc3\xa4r\xc3\xa4j\xc3\xa4oikeudelta tuomion saatuaan etenkin, kun muutoksenhakuohjauksesta on tuomiossa mainittu. Kuntayhtym\xc3\xa4n ilmoitus sen lakimiehen toiminnasta s\xc3\xa4hk\xc3\xb6postin 20.3.2018 l\xc3\xa4hett\xc3\xa4misess\xc3\xa4 osoittaa, ett\xc3\xa4 kuntayhtym\xc3\xa4ll\xc3\xa4 on my\xc3\xb6s ollut tosiasiallinen mahdollisuus toimia ennen tyytym\xc3\xa4tt\xc3\xb6myyden ilmoittamista koskevan m\xc3\xa4\xc3\xa4r\xc3\xa4ajan p\xc3\xa4\xc3\xa4ttymist\xc3\xa4 22.3.2018.</p>\n        <p>21. N\xc3\xa4iss\xc3\xa4 olosuhteissa Korkein oikeus katsoo, ettei k\xc3\xa4r\xc3\xa4j\xc3\xa4oikeuden virheelliselle menettelylle sen j\xc3\xa4tt\xc3\xa4ess\xc3\xa4 antamatta muutoksenhakuohjauksen voida antaa asiassa ratkaisevaa merkityst\xc3\xa4. Kuntayhtym\xc3\xa4n tyytym\xc3\xa4tt\xc3\xb6myyden ilmoittamatta j\xc3\xa4tt\xc3\xa4minen on ensisijaisesti johtunut sen lainoppineen asiamiehen laiminly\xc3\xb6nnist\xc3\xa4.</p>\n        <p>22. Kuntayhtym\xc3\xa4 on viel\xc3\xa4 vedonnut siihen, ett\xc3\xa4 sille on kohtuutonta, jos oikeudenk\xc3\xa4ymiskaaren 25 luvun 3 \xc2\xa7:\xc3\xa4\xc3\xa4 tulkitaan ja asia ratkaistaan kuntayhtym\xc3\xa4n kannan vastaisesti.</p>\n        <p>23. Muutoksenhakua koskeva s\xc3\xa4\xc3\xa4ntely on selv\xc3\xa4\xc3\xa4, ja kuntayhtym\xc3\xa4\xc3\xa4 on edustanut lainoppinut asiamies. Kuntayhtym\xc3\xa4 ei muutenkaan ole tuonut esille sellaisia kohtuuttomuutta osoittavia yksil\xc3\xb6ityj\xc3\xa4 seikkoja, joita voitaisiin pit\xc3\xa4\xc3\xa4 oikeudenk\xc3\xa4ymiskaaren 31 luvun 17 \xc2\xa7:ss\xc3\xa4 tarkoitettuina eritt\xc3\xa4in painavina syin\xc3\xa4 palauttaa menetetty m\xc3\xa4\xc3\xa4r\xc3\xa4aika.</p>\n        <p>\n          \n        </p>\n        <p>24. Edell\xc3\xa4 todetuilla perusteilla se seikka, ett\xc3\xa4 asianmukaista muutoksenhakuohjausta ei ole annettu kuntayhtym\xc3\xa4lle, ei ole asian olosuhteissa oikeudenk\xc3\xa4ymiskaaren 31 luvun 17 \xc2\xa7:ss\xc3\xa4 tarkoitettu eritt\xc3\xa4in painava syy palauttaa kuntayhtym\xc3\xa4lle m\xc3\xa4\xc3\xa4r\xc3\xa4aika tyytym\xc3\xa4tt\xc3\xb6myyden ilmoittamista varten. Hakemuksesta ei ilmene muitakaan perusteita, joiden nojalla m\xc3\xa4\xc3\xa4r\xc3\xa4aika voitaisiin palauttaa.</p>\n        <p>25. Yhti\xc3\xb6lle ei oikeudenk\xc3\xa4ymiskaaren 31 luvun 4 \xc2\xa7:n 2 momentin ja 18 \xc2\xa7:n 3 momentin vastaisesti ole varattu tilaisuutta tulla kuulluksi hovioikeudessa. Korkein oikeus katsoo, ett\xc3\xa4 yhti\xc3\xb6n muutoksenhaun johdosta mainittu kuulemisvirhe tulee oikaistuksi ilman, ett\xc3\xa4 asia on palautettava hovioikeuteen.</p>\n      </div>\n      <div>\n        <h3>P\xc3\xa4\xc3\xa4t\xc3\xb6slauselma</h3>\n        <p>Hovioikeuden p\xc3\xa4\xc3\xa4t\xc3\xb6s kumotaan. Kuntayhtym\xc3\xa4n hakemus menetetyn m\xc3\xa4\xc3\xa4r\xc3\xa4ajan palauttamiseksi tyytym\xc3\xa4tt\xc3\xb6myyden ilmoittamista varten hyl\xc3\xa4t\xc3\xa4\xc3\xa4n.</p>\n        <p>Asian ovat ratkaisseet oikeusneuvokset <span class="contributor" property="dcterms:contributor" resource="http://data.finlex.fi/person/8eaa72fe">Juha H\xc3\xa4yh\xc3\xa4</span>, <span class="contributor" property="dcterms:contributor" resource="http://data.finlex.fi/person/7b61038f">Pekka Koponen</span>, <span class="contributor" property="dcterms:contributor" resource="http://data.finlex.fi/person/c1ae31e5">Jarmo Littunen</span>, <span class="contributor" property="dcterms:contributor" resource="http://data.finlex.fi/person/60b91fbe">Tatu Lepp\xc3\xa4nen</span> ja <span class="contributor" property="dcterms:contributor" resource="http://data.finlex.fi/person/164c58af">Asko V\xc3\xa4limaa</span>. Esittelij\xc3\xa4 Saini Siitarinen.</p>\n      </div>\n    </div>\n  </div>\n</div>\n'
'2021-04-07 16:12:44,701 run INFO FORM: ImmutableMultiDict([])
'2021-04-07 16:12:44,701 run WARNING Bad type: text/html
'2021-04-07 16:12:44,701 flask.app ERROR Exception on / [POST]
Traceback (most recent call last):
  File "/usr/local/lib/python3.8/dist-packages/flask/app.py", line 2292, in wsgi_app
    response = self.full_dispatch_request()
  File "/usr/local/lib/python3.8/dist-packages/flask/app.py", line 1815, in full_dispatch_request
    rv = self.handle_user_exception(e)
  File "/usr/local/lib/python3.8/dist-packages/flask/app.py", line 1718, in handle_user_exception
    reraise(exc_type, exc_value, tb)
  File "/usr/local/lib/python3.8/dist-packages/flask/_compat.py", line 35, in reraise
    raise value
  File "/usr/local/lib/python3.8/dist-packages/flask/app.py", line 1813, in full_dispatch_request
    rv = self.dispatch_request()
  File "/usr/local/lib/python3.8/dist-packages/flask/app.py", line 1799, in dispatch_request
    return self.view_functions[rule.endpoint](**req.view_args)
  File "/u/32/tamperm1/unix/python workspace/las-wrapper/src/run.py", line 79, in index
    las.run()
  File "/u/32/tamperm1/unix/python workspace/las-wrapper/src/run_lexical_analysis_service.py", line 75, in run
    items = list(self.input_texts.items())
AttributeError: 'list' object has no attribute 'items'
